0 info it worked if it ends with ok
1 verbose cli [ '/usr/local/bin/node',
1 verbose cli   '/usr/local/bin/npm',
1 verbose cli   'install',
1 verbose cli   '-g',
1 verbose cli   'create-react-app' ]
2 info using npm@3.3.12
3 info using node@v5.1.0
4 silly loadCurrentTree Starting
5 silly install loadCurrentTree
6 silly install readGlobalPackageData
7 silly fetchPackageMetaData create-react-app
8 silly fetchNamedPackageData create-react-app
9 silly mapToRegistry name create-react-app
10 silly mapToRegistry using default registry
11 silly mapToRegistry registry https://registry.npmjs.org/
12 silly mapToRegistry uri https://registry.npmjs.org/create-react-app
13 verbose request uri https://registry.npmjs.org/create-react-app
14 verbose request no auth needed
15 info attempt registry request try #1 at 9:29:25 PM
16 verbose request id 7b881565002cc922
17 verbose etag "765QITP887Y20OZUUDZFHFWC0"
18 http request GET https://registry.npmjs.org/create-react-app
19 http 304 https://registry.npmjs.org/create-react-app
20 verbose headers { date: 'Thu, 06 Oct 2016 13:29:27 GMT',
20 verbose headers   via: '1.1 varnish',
20 verbose headers   'cache-control': 'max-age=300',
20 verbose headers   etag: '"765QITP887Y20OZUUDZFHFWC0"',
20 verbose headers   age: '222',
20 verbose headers   connection: 'keep-alive',
20 verbose headers   'x-served-by': 'cache-hkg6821-HKG',
20 verbose headers   'x-cache': 'HIT',
20 verbose headers   'x-cache-hits': '1',
20 verbose headers   'x-timer': 'S1475760567.703172,VS0,VE0',
20 verbose headers   vary: 'Accept-Encoding' }
21 silly get cb [ 304,
21 silly get   { date: 'Thu, 06 Oct 2016 13:29:27 GMT',
21 silly get     via: '1.1 varnish',
21 silly get     'cache-control': 'max-age=300',
21 silly get     etag: '"765QITP887Y20OZUUDZFHFWC0"',
21 silly get     age: '222',
21 silly get     connection: 'keep-alive',
21 silly get     'x-served-by': 'cache-hkg6821-HKG',
21 silly get     'x-cache': 'HIT',
21 silly get     'x-cache-hits': '1',
21 silly get     'x-timer': 'S1475760567.703172,VS0,VE0',
21 silly get     vary: 'Accept-Encoding' } ]
22 verbose etag https://registry.npmjs.org/create-react-app from cache
23 verbose get saving create-react-app to /Users/chishengliang/.npm/registry.npmjs.org/create-react-app/.cache.json
24 silly install normalizeTree
25 silly loadCurrentTree Finishing
26 silly loadIdealTree Starting
27 silly install loadIdealTree
28 silly cloneCurrentTree Starting
29 silly install cloneCurrentTreeToIdealTree
30 silly cloneCurrentTree Finishing
31 silly loadShrinkwrap Starting
32 silly install loadShrinkwrap
33 silly loadShrinkwrap Finishing
34 silly loadAllDepsIntoIdealTree Starting
35 silly install loadAllDepsIntoIdealTree
36 silly resolveWithNewModule create-react-app@0.5.0 checking installable status
37 silly cache add args [ 'create-react-app', null ]
38 verbose cache add spec create-react-app
39 silly cache add parsed spec Result {
39 silly cache add   raw: 'create-react-app',
39 silly cache add   scope: null,
39 silly cache add   name: 'create-react-app',
39 silly cache add   rawSpec: '',
39 silly cache add   spec: '*',
39 silly cache add   type: 'range' }
40 silly addNamed create-react-app@*
41 verbose addNamed "*" is a valid semver range for create-react-app
42 silly addNameRange { name: 'create-react-app', range: '*', hasData: false }
43 silly mapToRegistry name create-react-app
44 silly mapToRegistry using default registry
45 silly mapToRegistry registry https://registry.npmjs.org/
46 silly mapToRegistry uri https://registry.npmjs.org/create-react-app
47 verbose addNameRange registry:https://registry.npmjs.org/create-react-app not in flight; fetching
48 verbose get https://registry.npmjs.org/create-react-app not expired, no request
49 silly addNameRange number 2 { name: 'create-react-app', range: '*', hasData: true }
50 silly addNameRange versions [ 'create-react-app',
50 silly addNameRange   [ '0.0.0',
50 silly addNameRange     '0.1.0',
50 silly addNameRange     '0.2.0-alpha.1',
50 silly addNameRange     '0.2.0',
50 silly addNameRange     '0.3.0',
50 silly addNameRange     '0.4.2',
50 silly addNameRange     '0.4.2-alpha.8f28c56e',
50 silly addNameRange     '0.5.0' ] ]
51 silly addNamed create-react-app@0.5.0
52 verbose addNamed "0.5.0" is a plain semver version for create-react-app
53 silly cache afterAdd create-react-app@0.5.0
54 verbose afterAdd /Users/chishengliang/.npm/create-react-app/0.5.0/package/package.json not in flight; writing
55 verbose afterAdd /Users/chishengliang/.npm/create-react-app/0.5.0/package/package.json written
56 silly fetchNamedPackageData chalk
57 silly mapToRegistry name chalk
58 silly mapToRegistry using default registry
59 silly mapToRegistry registry https://registry.npmjs.org/
60 silly mapToRegistry uri https://registry.npmjs.org/chalk
61 silly fetchNamedPackageData cross-spawn
62 silly mapToRegistry name cross-spawn
63 silly mapToRegistry using default registry
64 silly mapToRegistry registry https://registry.npmjs.org/
65 silly mapToRegistry uri https://registry.npmjs.org/cross-spawn
66 silly fetchNamedPackageData minimist
67 silly mapToRegistry name minimist
68 silly mapToRegistry using default registry
69 silly mapToRegistry registry https://registry.npmjs.org/
70 silly mapToRegistry uri https://registry.npmjs.org/minimist
71 silly fetchNamedPackageData path-exists
72 silly mapToRegistry name path-exists
73 silly mapToRegistry using default registry
74 silly mapToRegistry registry https://registry.npmjs.org/
75 silly mapToRegistry uri https://registry.npmjs.org/path-exists
76 silly fetchNamedPackageData semver
77 silly mapToRegistry name semver
78 silly mapToRegistry using default registry
79 silly mapToRegistry registry https://registry.npmjs.org/
80 silly mapToRegistry uri https://registry.npmjs.org/semver
81 verbose request uri https://registry.npmjs.org/cross-spawn
82 verbose request no auth needed
83 info attempt registry request try #1 at 9:29:28 PM
84 verbose etag "EN4TOCDPZZNDLASN4R1IVPUK8"
85 http request GET https://registry.npmjs.org/cross-spawn
86 verbose request uri https://registry.npmjs.org/minimist
87 verbose request no auth needed
88 info attempt registry request try #1 at 9:29:28 PM
89 verbose etag "60EFENZWER9ANOHGZ2NFEMAWC"
90 http request GET https://registry.npmjs.org/minimist
91 verbose request uri https://registry.npmjs.org/path-exists
92 verbose request no auth needed
93 info attempt registry request try #1 at 9:29:28 PM
94 verbose etag "3ZHIFY1Z93LAIWHY3AHPDG4AZ"
95 http request GET https://registry.npmjs.org/path-exists
96 verbose request uri https://registry.npmjs.org/chalk
97 verbose request no auth needed
98 info attempt registry request try #1 at 9:29:28 PM
99 verbose etag "T49DSIJ6E5COTLZFBURY2XSL"
100 http request GET https://registry.npmjs.org/chalk
101 verbose request uri https://registry.npmjs.org/semver
102 verbose request no auth needed
103 info attempt registry request try #1 at 9:29:28 PM
104 verbose etag "6VEZO6A9KCV3AD3BHLUKKJEWL"
105 http request GET https://registry.npmjs.org/semver
106 http 304 https://registry.npmjs.org/minimist
107 verbose headers { date: 'Thu, 06 Oct 2016 13:29:28 GMT',
107 verbose headers   via: '1.1 varnish',
107 verbose headers   'cache-control': 'max-age=300',
107 verbose headers   etag: '"60EFENZWER9ANOHGZ2NFEMAWC"',
107 verbose headers   age: '129',
107 verbose headers   connection: 'keep-alive',
107 verbose headers   'x-served-by': 'cache-hkg6820-HKG',
107 verbose headers   'x-cache': 'HIT',
107 verbose headers   'x-cache-hits': '8',
107 verbose headers   'x-timer': 'S1475760568.638845,VS0,VE0',
107 verbose headers   vary: 'Accept-Encoding' }
108 silly get cb [ 304,
108 silly get   { date: 'Thu, 06 Oct 2016 13:29:28 GMT',
108 silly get     via: '1.1 varnish',
108 silly get     'cache-control': 'max-age=300',
108 silly get     etag: '"60EFENZWER9ANOHGZ2NFEMAWC"',
108 silly get     age: '129',
108 silly get     connection: 'keep-alive',
108 silly get     'x-served-by': 'cache-hkg6820-HKG',
108 silly get     'x-cache': 'HIT',
108 silly get     'x-cache-hits': '8',
108 silly get     'x-timer': 'S1475760568.638845,VS0,VE0',
108 silly get     vary: 'Accept-Encoding' } ]
109 verbose etag https://registry.npmjs.org/minimist from cache
110 verbose get saving minimist to /Users/chishengliang/.npm/registry.npmjs.org/minimist/.cache.json
111 http 304 https://registry.npmjs.org/semver
112 verbose headers { date: 'Thu, 06 Oct 2016 13:29:28 GMT',
112 verbose headers   via: '1.1 varnish',
112 verbose headers   'cache-control': 'max-age=300',
112 verbose headers   etag: '"6VEZO6A9KCV3AD3BHLUKKJEWL"',
112 verbose headers   age: '122',
112 verbose headers   connection: 'keep-alive',
112 verbose headers   'x-served-by': 'cache-hkg6825-HKG',
112 verbose headers   'x-cache': 'HIT',
112 verbose headers   'x-cache-hits': '2',
112 verbose headers   'x-timer': 'S1475760568.645517,VS0,VE0',
112 verbose headers   vary: 'Accept-Encoding' }
113 silly get cb [ 304,
113 silly get   { date: 'Thu, 06 Oct 2016 13:29:28 GMT',
113 silly get     via: '1.1 varnish',
113 silly get     'cache-control': 'max-age=300',
113 silly get     etag: '"6VEZO6A9KCV3AD3BHLUKKJEWL"',
113 silly get     age: '122',
113 silly get     connection: 'keep-alive',
113 silly get     'x-served-by': 'cache-hkg6825-HKG',
113 silly get     'x-cache': 'HIT',
113 silly get     'x-cache-hits': '2',
113 silly get     'x-timer': 'S1475760568.645517,VS0,VE0',
113 silly get     vary: 'Accept-Encoding' } ]
114 verbose etag https://registry.npmjs.org/semver from cache
115 verbose get saving semver to /Users/chishengliang/.npm/registry.npmjs.org/semver/.cache.json
116 http 304 https://registry.npmjs.org/chalk
117 verbose headers { date: 'Thu, 06 Oct 2016 13:29:28 GMT',
117 verbose headers   via: '1.1 varnish',
117 verbose headers   'cache-control': 'max-age=300',
117 verbose headers   etag: '"T49DSIJ6E5COTLZFBURY2XSL"',
117 verbose headers   age: '103',
117 verbose headers   connection: 'keep-alive',
117 verbose headers   'x-served-by': 'cache-hkg6826-HKG',
117 verbose headers   'x-cache': 'HIT',
117 verbose headers   'x-cache-hits': '3',
117 verbose headers   'x-timer': 'S1475760568.648593,VS0,VE0',
117 verbose headers   vary: 'Accept-Encoding' }
118 silly get cb [ 304,
118 silly get   { date: 'Thu, 06 Oct 2016 13:29:28 GMT',
118 silly get     via: '1.1 varnish',
118 silly get     'cache-control': 'max-age=300',
118 silly get     etag: '"T49DSIJ6E5COTLZFBURY2XSL"',
118 silly get     age: '103',
118 silly get     connection: 'keep-alive',
118 silly get     'x-served-by': 'cache-hkg6826-HKG',
118 silly get     'x-cache': 'HIT',
118 silly get     'x-cache-hits': '3',
118 silly get     'x-timer': 'S1475760568.648593,VS0,VE0',
118 silly get     vary: 'Accept-Encoding' } ]
119 verbose etag https://registry.npmjs.org/chalk from cache
120 verbose get saving chalk to /Users/chishengliang/.npm/registry.npmjs.org/chalk/.cache.json
121 http 304 https://registry.npmjs.org/path-exists
122 verbose headers { date: 'Thu, 06 Oct 2016 13:29:28 GMT',
122 verbose headers   via: '1.1 varnish',
122 verbose headers   'cache-control': 'max-age=300',
122 verbose headers   etag: '"3ZHIFY1Z93LAIWHY3AHPDG4AZ"',
122 verbose headers   age: '95',
122 verbose headers   connection: 'keep-alive',
122 verbose headers   'x-served-by': 'cache-hkg6822-HKG',
122 verbose headers   'x-cache': 'HIT',
122 verbose headers   'x-cache-hits': '5',
122 verbose headers   'x-timer': 'S1475760568.649859,VS0,VE0',
122 verbose headers   vary: 'Accept-Encoding' }
123 silly get cb [ 304,
123 silly get   { date: 'Thu, 06 Oct 2016 13:29:28 GMT',
123 silly get     via: '1.1 varnish',
123 silly get     'cache-control': 'max-age=300',
123 silly get     etag: '"3ZHIFY1Z93LAIWHY3AHPDG4AZ"',
123 silly get     age: '95',
123 silly get     connection: 'keep-alive',
123 silly get     'x-served-by': 'cache-hkg6822-HKG',
123 silly get     'x-cache': 'HIT',
123 silly get     'x-cache-hits': '5',
123 silly get     'x-timer': 'S1475760568.649859,VS0,VE0',
123 silly get     vary: 'Accept-Encoding' } ]
124 verbose etag https://registry.npmjs.org/path-exists from cache
125 verbose get saving path-exists to /Users/chishengliang/.npm/registry.npmjs.org/path-exists/.cache.json
126 silly resolveWithNewModule chalk@1.1.3 checking installable status
127 silly cache add args [ 'chalk@^1.1.1', null ]
128 verbose cache add spec chalk@^1.1.1
129 silly cache add parsed spec Result {
129 silly cache add   raw: 'chalk@^1.1.1',
129 silly cache add   scope: null,
129 silly cache add   name: 'chalk',
129 silly cache add   rawSpec: '^1.1.1',
129 silly cache add   spec: '>=1.1.1 <2.0.0',
129 silly cache add   type: 'range' }
130 silly addNamed chalk@>=1.1.1 <2.0.0
131 verbose addNamed ">=1.1.1 <2.0.0" is a valid semver range for chalk
132 silly addNameRange { name: 'chalk', range: '>=1.1.1 <2.0.0', hasData: false }
133 silly mapToRegistry name chalk
134 silly mapToRegistry using default registry
135 silly mapToRegistry registry https://registry.npmjs.org/
136 silly mapToRegistry uri https://registry.npmjs.org/chalk
137 verbose addNameRange registry:https://registry.npmjs.org/chalk not in flight; fetching
138 silly resolveWithNewModule minimist@1.2.0 checking installable status
139 silly cache add args [ 'minimist@^1.2.0', null ]
140 verbose cache add spec minimist@^1.2.0
141 silly cache add parsed spec Result {
141 silly cache add   raw: 'minimist@^1.2.0',
141 silly cache add   scope: null,
141 silly cache add   name: 'minimist',
141 silly cache add   rawSpec: '^1.2.0',
141 silly cache add   spec: '>=1.2.0 <2.0.0',
141 silly cache add   type: 'range' }
142 silly addNamed minimist@>=1.2.0 <2.0.0
143 verbose addNamed ">=1.2.0 <2.0.0" is a valid semver range for minimist
144 silly addNameRange { name: 'minimist', range: '>=1.2.0 <2.0.0', hasData: false }
145 silly mapToRegistry name minimist
146 silly mapToRegistry using default registry
147 silly mapToRegistry registry https://registry.npmjs.org/
148 silly mapToRegistry uri https://registry.npmjs.org/minimist
149 verbose addNameRange registry:https://registry.npmjs.org/minimist not in flight; fetching
150 silly resolveWithNewModule semver@5.3.0 checking installable status
151 silly cache add args [ 'semver@^5.0.3', null ]
152 verbose cache add spec semver@^5.0.3
153 silly cache add parsed spec Result {
153 silly cache add   raw: 'semver@^5.0.3',
153 silly cache add   scope: null,
153 silly cache add   name: 'semver',
153 silly cache add   rawSpec: '^5.0.3',
153 silly cache add   spec: '>=5.0.3 <6.0.0',
153 silly cache add   type: 'range' }
154 silly addNamed semver@>=5.0.3 <6.0.0
155 verbose addNamed ">=5.0.3 <6.0.0" is a valid semver range for semver
156 silly addNameRange { name: 'semver', range: '>=5.0.3 <6.0.0', hasData: false }
157 silly mapToRegistry name semver
158 silly mapToRegistry using default registry
159 silly mapToRegistry registry https://registry.npmjs.org/
160 silly mapToRegistry uri https://registry.npmjs.org/semver
161 verbose addNameRange registry:https://registry.npmjs.org/semver not in flight; fetching
162 silly resolveWithNewModule path-exists@2.1.0 checking installable status
163 silly cache add args [ 'path-exists@^2.1.0', null ]
164 verbose cache add spec path-exists@^2.1.0
165 silly cache add parsed spec Result {
165 silly cache add   raw: 'path-exists@^2.1.0',
165 silly cache add   scope: null,
165 silly cache add   name: 'path-exists',
165 silly cache add   rawSpec: '^2.1.0',
165 silly cache add   spec: '>=2.1.0 <3.0.0',
165 silly cache add   type: 'range' }
166 silly addNamed path-exists@>=2.1.0 <3.0.0
167 verbose addNamed ">=2.1.0 <3.0.0" is a valid semver range for path-exists
168 silly addNameRange { name: 'path-exists', range: '>=2.1.0 <3.0.0', hasData: false }
169 silly mapToRegistry name path-exists
170 silly mapToRegistry using default registry
171 silly mapToRegistry registry https://registry.npmjs.org/
172 silly mapToRegistry uri https://registry.npmjs.org/path-exists
173 verbose addNameRange registry:https://registry.npmjs.org/path-exists not in flight; fetching
174 verbose get https://registry.npmjs.org/chalk not expired, no request
175 silly addNameRange number 2 { name: 'chalk', range: '>=1.1.1 <2.0.0', hasData: true }
176 silly addNameRange versions [ 'chalk',
176 silly addNameRange   [ '0.1.0',
176 silly addNameRange     '0.1.1',
176 silly addNameRange     '0.2.0',
176 silly addNameRange     '0.2.1',
176 silly addNameRange     '0.3.0',
176 silly addNameRange     '0.4.0',
176 silly addNameRange     '0.5.0',
176 silly addNameRange     '0.5.1',
176 silly addNameRange     '1.0.0',
176 silly addNameRange     '1.1.0',
176 silly addNameRange     '1.1.1',
176 silly addNameRange     '1.1.2',
176 silly addNameRange     '1.1.3' ] ]
177 silly addNamed chalk@1.1.3
178 verbose addNamed "1.1.3" is a plain semver version for chalk
179 verbose get https://registry.npmjs.org/semver not expired, no request
180 silly addNameRange number 2 { name: 'semver', range: '>=5.0.3 <6.0.0', hasData: true }
181 silly addNameRange versions [ 'semver',
181 silly addNameRange   [ '1.0.0',
181 silly addNameRange     '1.0.1',
181 silly addNameRange     '1.0.2',
181 silly addNameRange     '1.0.3',
181 silly addNameRange     '1.0.4',
181 silly addNameRange     '1.0.5',
181 silly addNameRange     '1.0.6',
181 silly addNameRange     '1.0.7',
181 silly addNameRange     '1.0.8',
181 silly addNameRange     '1.0.9',
181 silly addNameRange     '1.0.10',
181 silly addNameRange     '1.0.11',
181 silly addNameRange     '1.0.12',
181 silly addNameRange     '1.0.13',
181 silly addNameRange     '1.0.14',
181 silly addNameRange     '1.1.0',
181 silly addNameRange     '1.1.1',
181 silly addNameRange     '1.1.2',
181 silly addNameRange     '1.1.3',
181 silly addNameRange     '1.1.4',
181 silly addNameRange     '2.0.0-alpha',
181 silly addNameRange     '2.0.0-beta',
181 silly addNameRange     '2.0.1',
181 silly addNameRange     '2.0.2',
181 silly addNameRange     '2.0.3',
181 silly addNameRange     '2.0.4',
181 silly addNameRange     '2.0.5',
181 silly addNameRange     '2.0.6',
181 silly addNameRange     '2.0.7',
181 silly addNameRange     '2.0.8',
181 silly addNameRange     '2.0.9',
181 silly addNameRange     '2.0.10',
181 silly addNameRange     '2.0.11',
181 silly addNameRange     '2.1.0',
181 silly addNameRange     '2.2.0',
181 silly addNameRange     '2.2.1',
181 silly addNameRange     '2.3.0',
181 silly addNameRange     '2.3.1',
181 silly addNameRange     '2.3.2',
181 silly addNameRange     '3.0.0',
181 silly addNameRange     '3.0.1',
181 silly addNameRange     '4.0.0',
181 silly addNameRange     '4.0.2',
181 silly addNameRange     '4.0.3',
181 silly addNameRange     '4.1.0',
181 silly addNameRange     '4.1.1',
181 silly addNameRange     '4.2.0',
181 silly addNameRange     '4.2.1',
181 silly addNameRange     '4.2.2',
181 silly addNameRange     '4.3.0',
181 silly addNameRange     '4.3.1',
181 silly addNameRange     '4.3.2',
181 silly addNameRange     '4.3.3',
181 silly addNameRange     '4.3.4',
181 silly addNameRange     '4.3.5',
181 silly addNameRange     '4.3.6',
181 silly addNameRange     '5.0.0',
181 silly addNameRange     '5.0.1',
181 silly addNameRange     '5.0.2',
181 silly addNameRange     '5.0.3',
181 silly addNameRange     '5.1.0',
181 silly addNameRange     '5.1.1',
181 silly addNameRange     '5.2.0',
181 silly addNameRange     '5.3.0' ] ]
182 silly addNamed semver@5.3.0
183 verbose addNamed "5.3.0" is a plain semver version for semver
184 verbose get https://registry.npmjs.org/minimist not expired, no request
185 silly addNameRange number 2 { name: 'minimist', range: '>=1.2.0 <2.0.0', hasData: true }
186 silly addNameRange versions [ 'minimist',
186 silly addNameRange   [ '0.0.0',
186 silly addNameRange     '0.0.1',
186 silly addNameRange     '0.0.2',
186 silly addNameRange     '0.0.3',
186 silly addNameRange     '0.0.4',
186 silly addNameRange     '0.0.5',
186 silly addNameRange     '0.0.6',
186 silly addNameRange     '0.0.7',
186 silly addNameRange     '0.0.8',
186 silly addNameRange     '0.0.9',
186 silly addNameRange     '0.0.10',
186 silly addNameRange     '0.1.0',
186 silly addNameRange     '0.2.0',
186 silly addNameRange     '1.0.0',
186 silly addNameRange     '1.1.0',
186 silly addNameRange     '1.1.1',
186 silly addNameRange     '1.1.2',
186 silly addNameRange     '1.1.3',
186 silly addNameRange     '1.2.0' ] ]
187 silly addNamed minimist@1.2.0
188 verbose addNamed "1.2.0" is a plain semver version for minimist
189 verbose get https://registry.npmjs.org/path-exists not expired, no request
190 silly addNameRange number 2 { name: 'path-exists', range: '>=2.1.0 <3.0.0', hasData: true }
191 silly addNameRange versions [ 'path-exists', [ '1.0.0', '2.0.0', '2.1.0', '3.0.0' ] ]
192 silly addNamed path-exists@2.1.0
193 verbose addNamed "2.1.0" is a plain semver version for path-exists
194 silly cache afterAdd chalk@1.1.3
195 verbose afterAdd /Users/chishengliang/.npm/chalk/1.1.3/package/package.json not in flight; writing
196 silly cache afterAdd minimist@1.2.0
197 verbose afterAdd /Users/chishengliang/.npm/minimist/1.2.0/package/package.json not in flight; writing
198 silly cache afterAdd semver@5.3.0
199 verbose afterAdd /Users/chishengliang/.npm/semver/5.3.0/package/package.json not in flight; writing
200 silly cache afterAdd path-exists@2.1.0
201 verbose afterAdd /Users/chishengliang/.npm/path-exists/2.1.0/package/package.json not in flight; writing
202 verbose afterAdd /Users/chishengliang/.npm/chalk/1.1.3/package/package.json written
203 verbose afterAdd /Users/chishengliang/.npm/minimist/1.2.0/package/package.json written
204 verbose afterAdd /Users/chishengliang/.npm/semver/5.3.0/package/package.json written
205 verbose afterAdd /Users/chishengliang/.npm/path-exists/2.1.0/package/package.json written
206 http 304 https://registry.npmjs.org/cross-spawn
207 verbose headers { date: 'Thu, 06 Oct 2016 13:29:31 GMT',
207 verbose headers   via: '1.1 varnish',
207 verbose headers   'cache-control': 'max-age=300',
207 verbose headers   etag: '"EN4TOCDPZZNDLASN4R1IVPUK8"',
207 verbose headers   age: '232',
207 verbose headers   connection: 'keep-alive',
207 verbose headers   'x-served-by': 'cache-hkg6820-HKG',
207 verbose headers   'x-cache': 'HIT',
207 verbose headers   'x-cache-hits': '3',
207 verbose headers   'x-timer': 'S1475760571.291980,VS0,VE0',
207 verbose headers   vary: 'Accept-Encoding' }
208 silly get cb [ 304,
208 silly get   { date: 'Thu, 06 Oct 2016 13:29:31 GMT',
208 silly get     via: '1.1 varnish',
208 silly get     'cache-control': 'max-age=300',
208 silly get     etag: '"EN4TOCDPZZNDLASN4R1IVPUK8"',
208 silly get     age: '232',
208 silly get     connection: 'keep-alive',
208 silly get     'x-served-by': 'cache-hkg6820-HKG',
208 silly get     'x-cache': 'HIT',
208 silly get     'x-cache-hits': '3',
208 silly get     'x-timer': 'S1475760571.291980,VS0,VE0',
208 silly get     vary: 'Accept-Encoding' } ]
209 verbose etag https://registry.npmjs.org/cross-spawn from cache
210 verbose get saving cross-spawn to /Users/chishengliang/.npm/registry.npmjs.org/cross-spawn/.cache.json
211 silly resolveWithNewModule cross-spawn@4.0.2 checking installable status
212 silly cache add args [ 'cross-spawn@^4.0.0', null ]
213 verbose cache add spec cross-spawn@^4.0.0
214 silly cache add parsed spec Result {
214 silly cache add   raw: 'cross-spawn@^4.0.0',
214 silly cache add   scope: null,
214 silly cache add   name: 'cross-spawn',
214 silly cache add   rawSpec: '^4.0.0',
214 silly cache add   spec: '>=4.0.0 <5.0.0',
214 silly cache add   type: 'range' }
215 silly addNamed cross-spawn@>=4.0.0 <5.0.0
216 verbose addNamed ">=4.0.0 <5.0.0" is a valid semver range for cross-spawn
217 silly addNameRange { name: 'cross-spawn', range: '>=4.0.0 <5.0.0', hasData: false }
218 silly mapToRegistry name cross-spawn
219 silly mapToRegistry using default registry
220 silly mapToRegistry registry https://registry.npmjs.org/
221 silly mapToRegistry uri https://registry.npmjs.org/cross-spawn
222 verbose addNameRange registry:https://registry.npmjs.org/cross-spawn not in flight; fetching
223 verbose get https://registry.npmjs.org/cross-spawn not expired, no request
224 silly addNameRange number 2 { name: 'cross-spawn', range: '>=4.0.0 <5.0.0', hasData: true }
225 silly addNameRange versions [ 'cross-spawn',
225 silly addNameRange   [ '0.1.0',
225 silly addNameRange     '0.1.1',
225 silly addNameRange     '0.1.2',
225 silly addNameRange     '0.1.3',
225 silly addNameRange     '0.1.4',
225 silly addNameRange     '0.1.5',
225 silly addNameRange     '0.1.6',
225 silly addNameRange     '0.1.7',
225 silly addNameRange     '0.2.0',
225 silly addNameRange     '0.2.1',
225 silly addNameRange     '0.2.2',
225 silly addNameRange     '0.2.3',
225 silly addNameRange     '0.2.4',
225 silly addNameRange     '0.2.5',
225 silly addNameRange     '0.2.6',
225 silly addNameRange     '0.2.7',
225 silly addNameRange     '0.2.8',
225 silly addNameRange     '0.2.9',
225 silly addNameRange     '0.3.0',
225 silly addNameRange     '0.4.0',
225 silly addNameRange     '0.4.1',
225 silly addNameRange     '1.0.0',
225 silly addNameRange     '1.0.1',
225 silly addNameRange     '1.0.2',
225 silly addNameRange     '1.0.3',
225 silly addNameRange     '1.0.4',
225 silly addNameRange     '2.0.0',
225 silly addNameRange     '2.0.1',
225 silly addNameRange     '2.1.0',
225 silly addNameRange     '2.1.1',
225 silly addNameRange     '2.1.2',
225 silly addNameRange     '2.1.3',
225 silly addNameRange     '2.1.4',
225 silly addNameRange     '2.1.5',
225 silly addNameRange     '2.2.0',
225 silly addNameRange     '2.2.2',
225 silly addNameRange     '2.2.3',
225 silly addNameRange     '3.0.0',
225 silly addNameRange     '3.0.1',
225 silly addNameRange     '4.0.0',
225 silly addNameRange     '4.0.2' ] ]
226 silly addNamed cross-spawn@4.0.2
227 verbose addNamed "4.0.2" is a plain semver version for cross-spawn
228 silly cache afterAdd cross-spawn@4.0.2
229 verbose afterAdd /Users/chishengliang/.npm/cross-spawn/4.0.2/package/package.json not in flight; writing
230 verbose afterAdd /Users/chishengliang/.npm/cross-spawn/4.0.2/package/package.json written
231 silly fetchNamedPackageData ansi-styles
232 silly mapToRegistry name ansi-styles
233 silly mapToRegistry using default registry
234 silly mapToRegistry registry https://registry.npmjs.org/
235 silly mapToRegistry uri https://registry.npmjs.org/ansi-styles
236 silly fetchNamedPackageData escape-string-regexp
237 silly mapToRegistry name escape-string-regexp
238 silly mapToRegistry using default registry
239 silly mapToRegistry registry https://registry.npmjs.org/
240 silly mapToRegistry uri https://registry.npmjs.org/escape-string-regexp
241 silly fetchNamedPackageData has-ansi
242 silly mapToRegistry name has-ansi
243 silly mapToRegistry using default registry
244 silly mapToRegistry registry https://registry.npmjs.org/
245 silly mapToRegistry uri https://registry.npmjs.org/has-ansi
246 silly fetchNamedPackageData strip-ansi
247 silly mapToRegistry name strip-ansi
248 silly mapToRegistry using default registry
249 silly mapToRegistry registry https://registry.npmjs.org/
250 silly mapToRegistry uri https://registry.npmjs.org/strip-ansi
251 silly fetchNamedPackageData supports-color
252 silly mapToRegistry name supports-color
253 silly mapToRegistry using default registry
254 silly mapToRegistry registry https://registry.npmjs.org/
255 silly mapToRegistry uri https://registry.npmjs.org/supports-color
256 verbose request uri https://registry.npmjs.org/ansi-styles
257 verbose request no auth needed
258 info attempt registry request try #1 at 9:29:32 PM
259 verbose etag "94H0KROSM6LLXZPICA81SIC10"
260 http request GET https://registry.npmjs.org/ansi-styles
261 verbose request uri https://registry.npmjs.org/escape-string-regexp
262 verbose request no auth needed
263 info attempt registry request try #1 at 9:29:32 PM
264 verbose etag "9WFVBFCRU0MAB47IC2Q9MN39O"
265 http request GET https://registry.npmjs.org/escape-string-regexp
266 verbose request uri https://registry.npmjs.org/has-ansi
267 verbose request no auth needed
268 info attempt registry request try #1 at 9:29:32 PM
269 verbose etag "B8S16FRSH9B7DIJ796447I9LR"
270 http request GET https://registry.npmjs.org/has-ansi
271 verbose request uri https://registry.npmjs.org/strip-ansi
272 verbose request no auth needed
273 info attempt registry request try #1 at 9:29:32 PM
274 verbose etag "HJ1VDHRPTQH2UHAD3VKVZ8UY"
275 http request GET https://registry.npmjs.org/strip-ansi
276 verbose request uri https://registry.npmjs.org/supports-color
277 verbose request no auth needed
278 info attempt registry request try #1 at 9:29:32 PM
279 verbose etag "87VJAKWYUF4A2G4LCQKH55FZE"
280 http request GET https://registry.npmjs.org/supports-color
281 http 304 https://registry.npmjs.org/escape-string-regexp
282 verbose headers { date: 'Thu, 06 Oct 2016 13:29:32 GMT',
282 verbose headers   via: '1.1 varnish',
282 verbose headers   'cache-control': 'max-age=300',
282 verbose headers   etag: '"9WFVBFCRU0MAB47IC2Q9MN39O"',
282 verbose headers   age: '11',
282 verbose headers   connection: 'keep-alive',
282 verbose headers   'x-served-by': 'cache-hkg6822-HKG',
282 verbose headers   'x-cache': 'HIT',
282 verbose headers   'x-cache-hits': '3',
282 verbose headers   'x-timer': 'S1475760572.083303,VS0,VE0',
282 verbose headers   vary: 'Accept-Encoding' }
283 silly get cb [ 304,
283 silly get   { date: 'Thu, 06 Oct 2016 13:29:32 GMT',
283 silly get     via: '1.1 varnish',
283 silly get     'cache-control': 'max-age=300',
283 silly get     etag: '"9WFVBFCRU0MAB47IC2Q9MN39O"',
283 silly get     age: '11',
283 silly get     connection: 'keep-alive',
283 silly get     'x-served-by': 'cache-hkg6822-HKG',
283 silly get     'x-cache': 'HIT',
283 silly get     'x-cache-hits': '3',
283 silly get     'x-timer': 'S1475760572.083303,VS0,VE0',
283 silly get     vary: 'Accept-Encoding' } ]
284 verbose etag https://registry.npmjs.org/escape-string-regexp from cache
285 verbose get saving escape-string-regexp to /Users/chishengliang/.npm/registry.npmjs.org/escape-string-regexp/.cache.json
286 http 304 https://registry.npmjs.org/supports-color
287 verbose headers { date: 'Thu, 06 Oct 2016 13:29:32 GMT',
287 verbose headers   via: '1.1 varnish',
287 verbose headers   'cache-control': 'max-age=300',
287 verbose headers   etag: '"87VJAKWYUF4A2G4LCQKH55FZE"',
287 verbose headers   age: '64',
287 verbose headers   connection: 'keep-alive',
287 verbose headers   'x-served-by': 'cache-hkg6823-HKG',
287 verbose headers   'x-cache': 'HIT',
287 verbose headers   'x-cache-hits': '43',
287 verbose headers   'x-timer': 'S1475760572.082668,VS0,VE0',
287 verbose headers   vary: 'Accept-Encoding' }
288 silly get cb [ 304,
288 silly get   { date: 'Thu, 06 Oct 2016 13:29:32 GMT',
288 silly get     via: '1.1 varnish',
288 silly get     'cache-control': 'max-age=300',
288 silly get     etag: '"87VJAKWYUF4A2G4LCQKH55FZE"',
288 silly get     age: '64',
288 silly get     connection: 'keep-alive',
288 silly get     'x-served-by': 'cache-hkg6823-HKG',
288 silly get     'x-cache': 'HIT',
288 silly get     'x-cache-hits': '43',
288 silly get     'x-timer': 'S1475760572.082668,VS0,VE0',
288 silly get     vary: 'Accept-Encoding' } ]
289 verbose etag https://registry.npmjs.org/supports-color from cache
290 verbose get saving supports-color to /Users/chishengliang/.npm/registry.npmjs.org/supports-color/.cache.json
291 http 304 https://registry.npmjs.org/ansi-styles
292 verbose headers { date: 'Thu, 06 Oct 2016 13:29:32 GMT',
292 verbose headers   via: '1.1 varnish',
292 verbose headers   'cache-control': 'max-age=300',
292 verbose headers   etag: '"94H0KROSM6LLXZPICA81SIC10"',
292 verbose headers   age: '247',
292 verbose headers   connection: 'keep-alive',
292 verbose headers   'x-served-by': 'cache-hkg6824-HKG',
292 verbose headers   'x-cache': 'HIT',
292 verbose headers   'x-cache-hits': '8',
292 verbose headers   'x-timer': 'S1475760572.084631,VS0,VE0',
292 verbose headers   vary: 'Accept-Encoding' }
293 silly get cb [ 304,
293 silly get   { date: 'Thu, 06 Oct 2016 13:29:32 GMT',
293 silly get     via: '1.1 varnish',
293 silly get     'cache-control': 'max-age=300',
293 silly get     etag: '"94H0KROSM6LLXZPICA81SIC10"',
293 silly get     age: '247',
293 silly get     connection: 'keep-alive',
293 silly get     'x-served-by': 'cache-hkg6824-HKG',
293 silly get     'x-cache': 'HIT',
293 silly get     'x-cache-hits': '8',
293 silly get     'x-timer': 'S1475760572.084631,VS0,VE0',
293 silly get     vary: 'Accept-Encoding' } ]
294 verbose etag https://registry.npmjs.org/ansi-styles from cache
295 verbose get saving ansi-styles to /Users/chishengliang/.npm/registry.npmjs.org/ansi-styles/.cache.json
296 http 304 https://registry.npmjs.org/strip-ansi
297 verbose headers { date: 'Thu, 06 Oct 2016 13:29:32 GMT',
297 verbose headers   via: '1.1 varnish',
297 verbose headers   'cache-control': 'max-age=300',
297 verbose headers   etag: '"HJ1VDHRPTQH2UHAD3VKVZ8UY"',
297 verbose headers   age: '78',
297 verbose headers   connection: 'keep-alive',
297 verbose headers   'x-served-by': 'cache-hkg6822-HKG',
297 verbose headers   'x-cache': 'HIT',
297 verbose headers   'x-cache-hits': '7',
297 verbose headers   'x-timer': 'S1475760572.084956,VS0,VE0',
297 verbose headers   vary: 'Accept-Encoding' }
298 silly get cb [ 304,
298 silly get   { date: 'Thu, 06 Oct 2016 13:29:32 GMT',
298 silly get     via: '1.1 varnish',
298 silly get     'cache-control': 'max-age=300',
298 silly get     etag: '"HJ1VDHRPTQH2UHAD3VKVZ8UY"',
298 silly get     age: '78',
298 silly get     connection: 'keep-alive',
298 silly get     'x-served-by': 'cache-hkg6822-HKG',
298 silly get     'x-cache': 'HIT',
298 silly get     'x-cache-hits': '7',
298 silly get     'x-timer': 'S1475760572.084956,VS0,VE0',
298 silly get     vary: 'Accept-Encoding' } ]
299 verbose etag https://registry.npmjs.org/strip-ansi from cache
300 verbose get saving strip-ansi to /Users/chishengliang/.npm/registry.npmjs.org/strip-ansi/.cache.json
301 silly resolveWithNewModule escape-string-regexp@1.0.5 checking installable status
302 silly cache add args [ 'escape-string-regexp@^1.0.2', null ]
303 verbose cache add spec escape-string-regexp@^1.0.2
304 silly cache add parsed spec Result {
304 silly cache add   raw: 'escape-string-regexp@^1.0.2',
304 silly cache add   scope: null,
304 silly cache add   name: 'escape-string-regexp',
304 silly cache add   rawSpec: '^1.0.2',
304 silly cache add   spec: '>=1.0.2 <2.0.0',
304 silly cache add   type: 'range' }
305 silly addNamed escape-string-regexp@>=1.0.2 <2.0.0
306 verbose addNamed ">=1.0.2 <2.0.0" is a valid semver range for escape-string-regexp
307 silly addNameRange { name: 'escape-string-regexp',
307 silly addNameRange   range: '>=1.0.2 <2.0.0',
307 silly addNameRange   hasData: false }
308 silly mapToRegistry name escape-string-regexp
309 silly mapToRegistry using default registry
310 silly mapToRegistry registry https://registry.npmjs.org/
311 silly mapToRegistry uri https://registry.npmjs.org/escape-string-regexp
312 verbose addNameRange registry:https://registry.npmjs.org/escape-string-regexp not in flight; fetching
313 silly resolveWithNewModule supports-color@2.0.0 checking installable status
314 silly cache add args [ 'supports-color@^2.0.0', null ]
315 verbose cache add spec supports-color@^2.0.0
316 silly cache add parsed spec Result {
316 silly cache add   raw: 'supports-color@^2.0.0',
316 silly cache add   scope: null,
316 silly cache add   name: 'supports-color',
316 silly cache add   rawSpec: '^2.0.0',
316 silly cache add   spec: '>=2.0.0 <3.0.0',
316 silly cache add   type: 'range' }
317 silly addNamed supports-color@>=2.0.0 <3.0.0
318 verbose addNamed ">=2.0.0 <3.0.0" is a valid semver range for supports-color
319 silly addNameRange { name: 'supports-color',
319 silly addNameRange   range: '>=2.0.0 <3.0.0',
319 silly addNameRange   hasData: false }
320 silly mapToRegistry name supports-color
321 silly mapToRegistry using default registry
322 silly mapToRegistry registry https://registry.npmjs.org/
323 silly mapToRegistry uri https://registry.npmjs.org/supports-color
324 verbose addNameRange registry:https://registry.npmjs.org/supports-color not in flight; fetching
325 silly resolveWithNewModule ansi-styles@2.2.1 checking installable status
326 silly cache add args [ 'ansi-styles@^2.2.1', null ]
327 verbose cache add spec ansi-styles@^2.2.1
328 silly cache add parsed spec Result {
328 silly cache add   raw: 'ansi-styles@^2.2.1',
328 silly cache add   scope: null,
328 silly cache add   name: 'ansi-styles',
328 silly cache add   rawSpec: '^2.2.1',
328 silly cache add   spec: '>=2.2.1 <3.0.0',
328 silly cache add   type: 'range' }
329 silly addNamed ansi-styles@>=2.2.1 <3.0.0
330 verbose addNamed ">=2.2.1 <3.0.0" is a valid semver range for ansi-styles
331 silly addNameRange { name: 'ansi-styles', range: '>=2.2.1 <3.0.0', hasData: false }
332 silly mapToRegistry name ansi-styles
333 silly mapToRegistry using default registry
334 silly mapToRegistry registry https://registry.npmjs.org/
335 silly mapToRegistry uri https://registry.npmjs.org/ansi-styles
336 verbose addNameRange registry:https://registry.npmjs.org/ansi-styles not in flight; fetching
337 silly resolveWithNewModule strip-ansi@3.0.1 checking installable status
338 silly cache add args [ 'strip-ansi@^3.0.0', null ]
339 verbose cache add spec strip-ansi@^3.0.0
340 silly cache add parsed spec Result {
340 silly cache add   raw: 'strip-ansi@^3.0.0',
340 silly cache add   scope: null,
340 silly cache add   name: 'strip-ansi',
340 silly cache add   rawSpec: '^3.0.0',
340 silly cache add   spec: '>=3.0.0 <4.0.0',
340 silly cache add   type: 'range' }
341 silly addNamed strip-ansi@>=3.0.0 <4.0.0
342 verbose addNamed ">=3.0.0 <4.0.0" is a valid semver range for strip-ansi
343 silly addNameRange { name: 'strip-ansi', range: '>=3.0.0 <4.0.0', hasData: false }
344 silly mapToRegistry name strip-ansi
345 silly mapToRegistry using default registry
346 silly mapToRegistry registry https://registry.npmjs.org/
347 silly mapToRegistry uri https://registry.npmjs.org/strip-ansi
348 verbose addNameRange registry:https://registry.npmjs.org/strip-ansi not in flight; fetching
349 verbose get https://registry.npmjs.org/escape-string-regexp not expired, no request
350 silly addNameRange number 2 { name: 'escape-string-regexp',
350 silly addNameRange   range: '>=1.0.2 <2.0.0',
350 silly addNameRange   hasData: true }
351 silly addNameRange versions [ 'escape-string-regexp',
351 silly addNameRange   [ '1.0.0', '1.0.1', '1.0.2', '1.0.3', '1.0.4', '1.0.5' ] ]
352 silly addNamed escape-string-regexp@1.0.5
353 verbose addNamed "1.0.5" is a plain semver version for escape-string-regexp
354 verbose get https://registry.npmjs.org/supports-color not expired, no request
355 silly addNameRange number 2 { name: 'supports-color',
355 silly addNameRange   range: '>=2.0.0 <3.0.0',
355 silly addNameRange   hasData: true }
356 silly addNameRange versions [ 'supports-color',
356 silly addNameRange   [ '0.2.0',
356 silly addNameRange     '1.0.0',
356 silly addNameRange     '1.1.0',
356 silly addNameRange     '1.2.0',
356 silly addNameRange     '1.2.1',
356 silly addNameRange     '1.3.0',
356 silly addNameRange     '1.3.1',
356 silly addNameRange     '2.0.0',
356 silly addNameRange     '3.0.0',
356 silly addNameRange     '3.0.1',
356 silly addNameRange     '3.1.0',
356 silly addNameRange     '3.1.1',
356 silly addNameRange     '3.1.2' ] ]
357 silly addNamed supports-color@2.0.0
358 verbose addNamed "2.0.0" is a plain semver version for supports-color
359 verbose get https://registry.npmjs.org/ansi-styles not expired, no request
360 silly addNameRange number 2 { name: 'ansi-styles', range: '>=2.2.1 <3.0.0', hasData: true }
361 silly addNameRange versions [ 'ansi-styles',
361 silly addNameRange   [ '0.1.0',
361 silly addNameRange     '0.1.1',
361 silly addNameRange     '0.1.2',
361 silly addNameRange     '0.2.0',
361 silly addNameRange     '1.0.0',
361 silly addNameRange     '1.1.0',
361 silly addNameRange     '2.0.0',
361 silly addNameRange     '2.0.1',
361 silly addNameRange     '2.1.0',
361 silly addNameRange     '2.2.1' ] ]
362 silly addNamed ansi-styles@2.2.1
363 verbose addNamed "2.2.1" is a plain semver version for ansi-styles
364 verbose get https://registry.npmjs.org/strip-ansi not expired, no request
365 silly addNameRange number 2 { name: 'strip-ansi', range: '>=3.0.0 <4.0.0', hasData: true }
366 silly addNameRange versions [ 'strip-ansi',
366 silly addNameRange   [ '0.1.0',
366 silly addNameRange     '0.1.1',
366 silly addNameRange     '0.2.0',
366 silly addNameRange     '0.2.1',
366 silly addNameRange     '0.2.2',
366 silly addNameRange     '0.3.0',
366 silly addNameRange     '1.0.0',
366 silly addNameRange     '2.0.0',
366 silly addNameRange     '2.0.1',
366 silly addNameRange     '3.0.0',
366 silly addNameRange     '3.0.1' ] ]
367 silly addNamed strip-ansi@3.0.1
368 verbose addNamed "3.0.1" is a plain semver version for strip-ansi
369 silly cache afterAdd supports-color@2.0.0
370 verbose afterAdd /Users/chishengliang/.npm/supports-color/2.0.0/package/package.json not in flight; writing
371 silly cache afterAdd ansi-styles@2.2.1
372 verbose afterAdd /Users/chishengliang/.npm/ansi-styles/2.2.1/package/package.json not in flight; writing
373 silly cache afterAdd escape-string-regexp@1.0.5
374 verbose afterAdd /Users/chishengliang/.npm/escape-string-regexp/1.0.5/package/package.json not in flight; writing
375 silly cache afterAdd strip-ansi@3.0.1
376 verbose afterAdd /Users/chishengliang/.npm/strip-ansi/3.0.1/package/package.json not in flight; writing
377 verbose afterAdd /Users/chishengliang/.npm/ansi-styles/2.2.1/package/package.json written
378 verbose afterAdd /Users/chishengliang/.npm/supports-color/2.0.0/package/package.json written
379 verbose afterAdd /Users/chishengliang/.npm/escape-string-regexp/1.0.5/package/package.json written
380 verbose afterAdd /Users/chishengliang/.npm/strip-ansi/3.0.1/package/package.json written
381 http 304 https://registry.npmjs.org/has-ansi
382 verbose headers { date: 'Thu, 06 Oct 2016 13:29:32 GMT',
382 verbose headers   via: '1.1 varnish',
382 verbose headers   'cache-control': 'max-age=300',
382 verbose headers   etag: '"B8S16FRSH9B7DIJ796447I9LR"',
382 verbose headers   age: '170',
382 verbose headers   connection: 'keep-alive',
382 verbose headers   'x-served-by': 'cache-hkg6821-HKG',
382 verbose headers   'x-cache': 'HIT',
382 verbose headers   'x-cache-hits': '6',
382 verbose headers   'x-timer': 'S1475760572.084579,VS0,VE0',
382 verbose headers   vary: 'Accept-Encoding' }
383 silly get cb [ 304,
383 silly get   { date: 'Thu, 06 Oct 2016 13:29:32 GMT',
383 silly get     via: '1.1 varnish',
383 silly get     'cache-control': 'max-age=300',
383 silly get     etag: '"B8S16FRSH9B7DIJ796447I9LR"',
383 silly get     age: '170',
383 silly get     connection: 'keep-alive',
383 silly get     'x-served-by': 'cache-hkg6821-HKG',
383 silly get     'x-cache': 'HIT',
383 silly get     'x-cache-hits': '6',
383 silly get     'x-timer': 'S1475760572.084579,VS0,VE0',
383 silly get     vary: 'Accept-Encoding' } ]
384 verbose etag https://registry.npmjs.org/has-ansi from cache
385 verbose get saving has-ansi to /Users/chishengliang/.npm/registry.npmjs.org/has-ansi/.cache.json
386 silly resolveWithNewModule has-ansi@2.0.0 checking installable status
387 silly cache add args [ 'has-ansi@^2.0.0', null ]
388 verbose cache add spec has-ansi@^2.0.0
389 silly cache add parsed spec Result {
389 silly cache add   raw: 'has-ansi@^2.0.0',
389 silly cache add   scope: null,
389 silly cache add   name: 'has-ansi',
389 silly cache add   rawSpec: '^2.0.0',
389 silly cache add   spec: '>=2.0.0 <3.0.0',
389 silly cache add   type: 'range' }
390 silly addNamed has-ansi@>=2.0.0 <3.0.0
391 verbose addNamed ">=2.0.0 <3.0.0" is a valid semver range for has-ansi
392 silly addNameRange { name: 'has-ansi', range: '>=2.0.0 <3.0.0', hasData: false }
393 silly mapToRegistry name has-ansi
394 silly mapToRegistry using default registry
395 silly mapToRegistry registry https://registry.npmjs.org/
396 silly mapToRegistry uri https://registry.npmjs.org/has-ansi
397 verbose addNameRange registry:https://registry.npmjs.org/has-ansi not in flight; fetching
398 verbose get https://registry.npmjs.org/has-ansi not expired, no request
399 silly addNameRange number 2 { name: 'has-ansi', range: '>=2.0.0 <3.0.0', hasData: true }
400 silly addNameRange versions [ 'has-ansi',
400 silly addNameRange   [ '0.1.0', '1.0.0', '1.0.1', '1.0.2', '1.0.3', '2.0.0' ] ]
401 silly addNamed has-ansi@2.0.0
402 verbose addNamed "2.0.0" is a plain semver version for has-ansi
403 silly cache afterAdd has-ansi@2.0.0
404 verbose afterAdd /Users/chishengliang/.npm/has-ansi/2.0.0/package/package.json not in flight; writing
405 verbose afterAdd /Users/chishengliang/.npm/has-ansi/2.0.0/package/package.json written
406 silly fetchNamedPackageData ansi-regex
407 silly mapToRegistry name ansi-regex
408 silly mapToRegistry using default registry
409 silly mapToRegistry registry https://registry.npmjs.org/
410 silly mapToRegistry uri https://registry.npmjs.org/ansi-regex
411 verbose request uri https://registry.npmjs.org/ansi-regex
412 verbose request no auth needed
413 info attempt registry request try #1 at 9:29:33 PM
414 verbose etag "CKE31V40EH4MXSJXK1IU288O4"
415 http request GET https://registry.npmjs.org/ansi-regex
416 http 304 https://registry.npmjs.org/ansi-regex
417 verbose headers { date: 'Thu, 06 Oct 2016 13:29:33 GMT',
417 verbose headers   via: '1.1 varnish',
417 verbose headers   'cache-control': 'max-age=300',
417 verbose headers   etag: '"CKE31V40EH4MXSJXK1IU288O4"',
417 verbose headers   age: '239',
417 verbose headers   connection: 'keep-alive',
417 verbose headers   'x-served-by': 'cache-hkg6823-HKG',
417 verbose headers   'x-cache': 'HIT',
417 verbose headers   'x-cache-hits': '15',
417 verbose headers   'x-timer': 'S1475760573.386687,VS0,VE0',
417 verbose headers   vary: 'Accept-Encoding' }
418 silly get cb [ 304,
418 silly get   { date: 'Thu, 06 Oct 2016 13:29:33 GMT',
418 silly get     via: '1.1 varnish',
418 silly get     'cache-control': 'max-age=300',
418 silly get     etag: '"CKE31V40EH4MXSJXK1IU288O4"',
418 silly get     age: '239',
418 silly get     connection: 'keep-alive',
418 silly get     'x-served-by': 'cache-hkg6823-HKG',
418 silly get     'x-cache': 'HIT',
418 silly get     'x-cache-hits': '15',
418 silly get     'x-timer': 'S1475760573.386687,VS0,VE0',
418 silly get     vary: 'Accept-Encoding' } ]
419 verbose etag https://registry.npmjs.org/ansi-regex from cache
420 verbose get saving ansi-regex to /Users/chishengliang/.npm/registry.npmjs.org/ansi-regex/.cache.json
421 silly resolveWithNewModule ansi-regex@2.0.0 checking installable status
422 silly cache add args [ 'ansi-regex@^2.0.0', null ]
423 verbose cache add spec ansi-regex@^2.0.0
424 silly cache add parsed spec Result {
424 silly cache add   raw: 'ansi-regex@^2.0.0',
424 silly cache add   scope: null,
424 silly cache add   name: 'ansi-regex',
424 silly cache add   rawSpec: '^2.0.0',
424 silly cache add   spec: '>=2.0.0 <3.0.0',
424 silly cache add   type: 'range' }
425 silly addNamed ansi-regex@>=2.0.0 <3.0.0
426 verbose addNamed ">=2.0.0 <3.0.0" is a valid semver range for ansi-regex
427 silly addNameRange { name: 'ansi-regex', range: '>=2.0.0 <3.0.0', hasData: false }
428 silly mapToRegistry name ansi-regex
429 silly mapToRegistry using default registry
430 silly mapToRegistry registry https://registry.npmjs.org/
431 silly mapToRegistry uri https://registry.npmjs.org/ansi-regex
432 verbose addNameRange registry:https://registry.npmjs.org/ansi-regex not in flight; fetching
433 verbose get https://registry.npmjs.org/ansi-regex not expired, no request
434 silly addNameRange number 2 { name: 'ansi-regex', range: '>=2.0.0 <3.0.0', hasData: true }
435 silly addNameRange versions [ 'ansi-regex',
435 silly addNameRange   [ '0.1.0', '0.2.0', '0.2.1', '1.0.0', '1.1.0', '1.1.1', '2.0.0' ] ]
436 silly addNamed ansi-regex@2.0.0
437 verbose addNamed "2.0.0" is a plain semver version for ansi-regex
438 silly cache afterAdd ansi-regex@2.0.0
439 verbose afterAdd /Users/chishengliang/.npm/ansi-regex/2.0.0/package/package.json not in flight; writing
440 verbose afterAdd /Users/chishengliang/.npm/ansi-regex/2.0.0/package/package.json written
441 silly fetchNamedPackageData lru-cache
442 silly mapToRegistry name lru-cache
443 silly mapToRegistry using default registry
444 silly mapToRegistry registry https://registry.npmjs.org/
445 silly mapToRegistry uri https://registry.npmjs.org/lru-cache
446 silly fetchNamedPackageData which
447 silly mapToRegistry name which
448 silly mapToRegistry using default registry
449 silly mapToRegistry registry https://registry.npmjs.org/
450 silly mapToRegistry uri https://registry.npmjs.org/which
451 verbose request uri https://registry.npmjs.org/which
452 verbose request no auth needed
453 info attempt registry request try #1 at 9:29:34 PM
454 verbose etag "2KFIPWGAL54RH75Q4VKLWD6E0"
455 http request GET https://registry.npmjs.org/which
456 verbose request uri https://registry.npmjs.org/lru-cache
457 verbose request no auth needed
458 info attempt registry request try #1 at 9:29:34 PM
459 verbose etag "F01T17JD32FTQ78T5MY5SOKXF"
460 http request GET https://registry.npmjs.org/lru-cache
461 http 304 https://registry.npmjs.org/lru-cache
462 verbose headers { date: 'Thu, 06 Oct 2016 13:29:34 GMT',
462 verbose headers   via: '1.1 varnish',
462 verbose headers   'cache-control': 'max-age=300',
462 verbose headers   etag: '"F01T17JD32FTQ78T5MY5SOKXF"',
462 verbose headers   age: '44',
462 verbose headers   connection: 'keep-alive',
462 verbose headers   'x-served-by': 'cache-hkg6820-HKG',
462 verbose headers   'x-cache': 'HIT',
462 verbose headers   'x-cache-hits': '2',
462 verbose headers   'x-timer': 'S1475760574.090463,VS0,VE0',
462 verbose headers   vary: 'Accept-Encoding' }
463 silly get cb [ 304,
463 silly get   { date: 'Thu, 06 Oct 2016 13:29:34 GMT',
463 silly get     via: '1.1 varnish',
463 silly get     'cache-control': 'max-age=300',
463 silly get     etag: '"F01T17JD32FTQ78T5MY5SOKXF"',
463 silly get     age: '44',
463 silly get     connection: 'keep-alive',
463 silly get     'x-served-by': 'cache-hkg6820-HKG',
463 silly get     'x-cache': 'HIT',
463 silly get     'x-cache-hits': '2',
463 silly get     'x-timer': 'S1475760574.090463,VS0,VE0',
463 silly get     vary: 'Accept-Encoding' } ]
464 verbose etag https://registry.npmjs.org/lru-cache from cache
465 verbose get saving lru-cache to /Users/chishengliang/.npm/registry.npmjs.org/lru-cache/.cache.json
466 http 304 https://registry.npmjs.org/which
467 verbose headers { date: 'Thu, 06 Oct 2016 13:29:34 GMT',
467 verbose headers   via: '1.1 varnish',
467 verbose headers   'cache-control': 'max-age=300',
467 verbose headers   etag: '"2KFIPWGAL54RH75Q4VKLWD6E0"',
467 verbose headers   age: '70',
467 verbose headers   connection: 'keep-alive',
467 verbose headers   'x-served-by': 'cache-hkg6825-HKG',
467 verbose headers   'x-cache': 'HIT',
467 verbose headers   'x-cache-hits': '2',
467 verbose headers   'x-timer': 'S1475760574.095120,VS0,VE0',
467 verbose headers   vary: 'Accept-Encoding' }
468 silly get cb [ 304,
468 silly get   { date: 'Thu, 06 Oct 2016 13:29:34 GMT',
468 silly get     via: '1.1 varnish',
468 silly get     'cache-control': 'max-age=300',
468 silly get     etag: '"2KFIPWGAL54RH75Q4VKLWD6E0"',
468 silly get     age: '70',
468 silly get     connection: 'keep-alive',
468 silly get     'x-served-by': 'cache-hkg6825-HKG',
468 silly get     'x-cache': 'HIT',
468 silly get     'x-cache-hits': '2',
468 silly get     'x-timer': 'S1475760574.095120,VS0,VE0',
468 silly get     vary: 'Accept-Encoding' } ]
469 verbose etag https://registry.npmjs.org/which from cache
470 verbose get saving which to /Users/chishengliang/.npm/registry.npmjs.org/which/.cache.json
471 silly resolveWithNewModule lru-cache@4.0.1 checking installable status
472 silly cache add args [ 'lru-cache@^4.0.1', null ]
473 verbose cache add spec lru-cache@^4.0.1
474 silly cache add parsed spec Result {
474 silly cache add   raw: 'lru-cache@^4.0.1',
474 silly cache add   scope: null,
474 silly cache add   name: 'lru-cache',
474 silly cache add   rawSpec: '^4.0.1',
474 silly cache add   spec: '>=4.0.1 <5.0.0',
474 silly cache add   type: 'range' }
475 silly addNamed lru-cache@>=4.0.1 <5.0.0
476 verbose addNamed ">=4.0.1 <5.0.0" is a valid semver range for lru-cache
477 silly addNameRange { name: 'lru-cache', range: '>=4.0.1 <5.0.0', hasData: false }
478 silly mapToRegistry name lru-cache
479 silly mapToRegistry using default registry
480 silly mapToRegistry registry https://registry.npmjs.org/
481 silly mapToRegistry uri https://registry.npmjs.org/lru-cache
482 verbose addNameRange registry:https://registry.npmjs.org/lru-cache not in flight; fetching
483 verbose get https://registry.npmjs.org/lru-cache not expired, no request
484 silly addNameRange number 2 { name: 'lru-cache', range: '>=4.0.1 <5.0.0', hasData: true }
485 silly addNameRange versions [ 'lru-cache',
485 silly addNameRange   [ '1.0.1',
485 silly addNameRange     '1.0.2',
485 silly addNameRange     '1.0.3',
485 silly addNameRange     '1.0.4',
485 silly addNameRange     '1.0.5',
485 silly addNameRange     '1.0.6',
485 silly addNameRange     '1.1.0',
485 silly addNameRange     '1.1.1',
485 silly addNameRange     '2.0.0',
485 silly addNameRange     '2.0.1',
485 silly addNameRange     '2.0.2',
485 silly addNameRange     '2.0.3',
485 silly addNameRange     '2.0.4',
485 silly addNameRange     '2.1.0',
485 silly addNameRange     '2.2.0',
485 silly addNameRange     '2.2.1',
485 silly addNameRange     '2.2.2',
485 silly addNameRange     '2.2.4',
485 silly addNameRange     '2.3.0',
485 silly addNameRange     '2.3.1',
485 silly addNameRange     '2.5.0',
485 silly addNameRange     '2.5.1',
485 silly addNameRange     '2.5.2',
485 silly addNameRange     '2.6.0',
485 silly addNameRange     '2.6.1',
485 silly addNameRange     '2.6.2',
485 silly addNameRange     '2.6.3',
485 silly addNameRange     '2.6.4',
485 silly addNameRange     '2.6.5',
485 silly addNameRange     '2.7.0',
485 silly addNameRange     '2.7.1',
485 silly addNameRange     '2.7.2',
485 silly addNameRange     '2.7.3',
485 silly addNameRange     '3.0.0',
485 silly addNameRange     '3.1.0',
485 silly addNameRange     '3.1.1',
485 silly addNameRange     '3.1.2',
485 silly addNameRange     '3.2.0',
485 silly addNameRange     '4.0.0',
485 silly addNameRange     '4.0.1' ] ]
486 silly addNamed lru-cache@4.0.1
487 verbose addNamed "4.0.1" is a plain semver version for lru-cache
488 silly resolveWithNewModule which@1.2.11 checking installable status
489 silly cache add args [ 'which@^1.2.9', null ]
490 verbose cache add spec which@^1.2.9
491 silly cache add parsed spec Result {
491 silly cache add   raw: 'which@^1.2.9',
491 silly cache add   scope: null,
491 silly cache add   name: 'which',
491 silly cache add   rawSpec: '^1.2.9',
491 silly cache add   spec: '>=1.2.9 <2.0.0',
491 silly cache add   type: 'range' }
492 silly addNamed which@>=1.2.9 <2.0.0
493 verbose addNamed ">=1.2.9 <2.0.0" is a valid semver range for which
494 silly addNameRange { name: 'which', range: '>=1.2.9 <2.0.0', hasData: false }
495 silly mapToRegistry name which
496 silly mapToRegistry using default registry
497 silly mapToRegistry registry https://registry.npmjs.org/
498 silly mapToRegistry uri https://registry.npmjs.org/which
499 verbose addNameRange registry:https://registry.npmjs.org/which not in flight; fetching
500 silly cache afterAdd lru-cache@4.0.1
501 verbose afterAdd /Users/chishengliang/.npm/lru-cache/4.0.1/package/package.json not in flight; writing
502 verbose get https://registry.npmjs.org/which not expired, no request
503 silly addNameRange number 2 { name: 'which', range: '>=1.2.9 <2.0.0', hasData: true }
504 silly addNameRange versions [ 'which',
504 silly addNameRange   [ '1.0.0',
504 silly addNameRange     '1.0.1',
504 silly addNameRange     '1.0.2',
504 silly addNameRange     '1.0.3',
504 silly addNameRange     '1.0.5',
504 silly addNameRange     '1.0.6',
504 silly addNameRange     '1.0.7',
504 silly addNameRange     '1.0.8',
504 silly addNameRange     '1.0.9',
504 silly addNameRange     '1.1.0',
504 silly addNameRange     '1.1.1',
504 silly addNameRange     '1.1.2',
504 silly addNameRange     '1.2.0',
504 silly addNameRange     '1.2.1',
504 silly addNameRange     '1.2.4',
504 silly addNameRange     '1.2.5',
504 silly addNameRange     '1.2.6',
504 silly addNameRange     '1.2.7',
504 silly addNameRange     '1.2.8',
504 silly addNameRange     '1.2.9',
504 silly addNameRange     '1.2.10',
504 silly addNameRange     '1.2.11' ] ]
505 silly addNamed which@1.2.11
506 verbose addNamed "1.2.11" is a plain semver version for which
507 verbose afterAdd /Users/chishengliang/.npm/lru-cache/4.0.1/package/package.json written
508 silly cache afterAdd which@1.2.11
509 verbose afterAdd /Users/chishengliang/.npm/which/1.2.11/package/package.json not in flight; writing
510 verbose afterAdd /Users/chishengliang/.npm/which/1.2.11/package/package.json written
511 silly fetchNamedPackageData pseudomap
512 silly mapToRegistry name pseudomap
513 silly mapToRegistry using default registry
514 silly mapToRegistry registry https://registry.npmjs.org/
515 silly mapToRegistry uri https://registry.npmjs.org/pseudomap
516 silly fetchNamedPackageData yallist
517 silly mapToRegistry name yallist
518 silly mapToRegistry using default registry
519 silly mapToRegistry registry https://registry.npmjs.org/
520 silly mapToRegistry uri https://registry.npmjs.org/yallist
521 verbose request uri https://registry.npmjs.org/yallist
522 verbose request no auth needed
523 info attempt registry request try #1 at 9:29:34 PM
524 verbose etag "3LK2LCIO05OJQFXB4G9ZEET1H"
525 http request GET https://registry.npmjs.org/yallist
526 verbose request uri https://registry.npmjs.org/pseudomap
527 verbose request no auth needed
528 info attempt registry request try #1 at 9:29:34 PM
529 verbose etag "DUOK70GJPZOHMDOKRKT7ULNQM"
530 http request GET https://registry.npmjs.org/pseudomap
531 http 304 https://registry.npmjs.org/pseudomap
532 verbose headers { date: 'Thu, 06 Oct 2016 13:29:34 GMT',
532 verbose headers   via: '1.1 varnish',
532 verbose headers   'cache-control': 'max-age=300',
532 verbose headers   etag: '"DUOK70GJPZOHMDOKRKT7ULNQM"',
532 verbose headers   age: '69',
532 verbose headers   connection: 'keep-alive',
532 verbose headers   'x-served-by': 'cache-hkg6825-HKG',
532 verbose headers   'x-cache': 'HIT',
532 verbose headers   'x-cache-hits': '54',
532 verbose headers   'x-timer': 'S1475760574.803929,VS0,VE0',
532 verbose headers   vary: 'Accept-Encoding' }
533 silly get cb [ 304,
533 silly get   { date: 'Thu, 06 Oct 2016 13:29:34 GMT',
533 silly get     via: '1.1 varnish',
533 silly get     'cache-control': 'max-age=300',
533 silly get     etag: '"DUOK70GJPZOHMDOKRKT7ULNQM"',
533 silly get     age: '69',
533 silly get     connection: 'keep-alive',
533 silly get     'x-served-by': 'cache-hkg6825-HKG',
533 silly get     'x-cache': 'HIT',
533 silly get     'x-cache-hits': '54',
533 silly get     'x-timer': 'S1475760574.803929,VS0,VE0',
533 silly get     vary: 'Accept-Encoding' } ]
534 verbose etag https://registry.npmjs.org/pseudomap from cache
535 verbose get saving pseudomap to /Users/chishengliang/.npm/registry.npmjs.org/pseudomap/.cache.json
536 silly resolveWithNewModule pseudomap@1.0.2 checking installable status
537 silly cache add args [ 'pseudomap@^1.0.1', null ]
538 verbose cache add spec pseudomap@^1.0.1
539 silly cache add parsed spec Result {
539 silly cache add   raw: 'pseudomap@^1.0.1',
539 silly cache add   scope: null,
539 silly cache add   name: 'pseudomap',
539 silly cache add   rawSpec: '^1.0.1',
539 silly cache add   spec: '>=1.0.1 <2.0.0',
539 silly cache add   type: 'range' }
540 silly addNamed pseudomap@>=1.0.1 <2.0.0
541 verbose addNamed ">=1.0.1 <2.0.0" is a valid semver range for pseudomap
542 silly addNameRange { name: 'pseudomap', range: '>=1.0.1 <2.0.0', hasData: false }
543 silly mapToRegistry name pseudomap
544 silly mapToRegistry using default registry
545 silly mapToRegistry registry https://registry.npmjs.org/
546 silly mapToRegistry uri https://registry.npmjs.org/pseudomap
547 verbose addNameRange registry:https://registry.npmjs.org/pseudomap not in flight; fetching
548 verbose get https://registry.npmjs.org/pseudomap not expired, no request
549 silly addNameRange number 2 { name: 'pseudomap', range: '>=1.0.1 <2.0.0', hasData: true }
550 silly addNameRange versions [ 'pseudomap', [ '1.0.0', '1.0.1', '1.0.2' ] ]
551 silly addNamed pseudomap@1.0.2
552 verbose addNamed "1.0.2" is a plain semver version for pseudomap
553 silly cache afterAdd pseudomap@1.0.2
554 verbose afterAdd /Users/chishengliang/.npm/pseudomap/1.0.2/package/package.json not in flight; writing
555 verbose afterAdd /Users/chishengliang/.npm/pseudomap/1.0.2/package/package.json written
556 http 304 https://registry.npmjs.org/yallist
557 verbose headers { date: 'Thu, 06 Oct 2016 13:29:35 GMT',
557 verbose headers   via: '1.1 varnish',
557 verbose headers   'cache-control': 'max-age=300',
557 verbose headers   etag: '"3LK2LCIO05OJQFXB4G9ZEET1H"',
557 verbose headers   age: '240',
557 verbose headers   connection: 'keep-alive',
557 verbose headers   'x-served-by': 'cache-hkg6826-HKG',
557 verbose headers   'x-cache': 'HIT',
557 verbose headers   'x-cache-hits': '4',
557 verbose headers   'x-timer': 'S1475760575.796720,VS0,VE0',
557 verbose headers   vary: 'Accept-Encoding' }
558 silly get cb [ 304,
558 silly get   { date: 'Thu, 06 Oct 2016 13:29:35 GMT',
558 silly get     via: '1.1 varnish',
558 silly get     'cache-control': 'max-age=300',
558 silly get     etag: '"3LK2LCIO05OJQFXB4G9ZEET1H"',
558 silly get     age: '240',
558 silly get     connection: 'keep-alive',
558 silly get     'x-served-by': 'cache-hkg6826-HKG',
558 silly get     'x-cache': 'HIT',
558 silly get     'x-cache-hits': '4',
558 silly get     'x-timer': 'S1475760575.796720,VS0,VE0',
558 silly get     vary: 'Accept-Encoding' } ]
559 verbose etag https://registry.npmjs.org/yallist from cache
560 verbose get saving yallist to /Users/chishengliang/.npm/registry.npmjs.org/yallist/.cache.json
561 silly resolveWithNewModule yallist@2.0.0 checking installable status
562 silly cache add args [ 'yallist@^2.0.0', null ]
563 verbose cache add spec yallist@^2.0.0
564 silly cache add parsed spec Result {
564 silly cache add   raw: 'yallist@^2.0.0',
564 silly cache add   scope: null,
564 silly cache add   name: 'yallist',
564 silly cache add   rawSpec: '^2.0.0',
564 silly cache add   spec: '>=2.0.0 <3.0.0',
564 silly cache add   type: 'range' }
565 silly addNamed yallist@>=2.0.0 <3.0.0
566 verbose addNamed ">=2.0.0 <3.0.0" is a valid semver range for yallist
567 silly addNameRange { name: 'yallist', range: '>=2.0.0 <3.0.0', hasData: false }
568 silly mapToRegistry name yallist
569 silly mapToRegistry using default registry
570 silly mapToRegistry registry https://registry.npmjs.org/
571 silly mapToRegistry uri https://registry.npmjs.org/yallist
572 verbose addNameRange registry:https://registry.npmjs.org/yallist not in flight; fetching
573 verbose get https://registry.npmjs.org/yallist not expired, no request
574 silly addNameRange number 2 { name: 'yallist', range: '>=2.0.0 <3.0.0', hasData: true }
575 silly addNameRange versions [ 'yallist', [ '1.0.0', '1.0.1', '1.0.2', '1.1.0', '2.0.0' ] ]
576 silly addNamed yallist@2.0.0
577 verbose addNamed "2.0.0" is a plain semver version for yallist
578 silly cache afterAdd yallist@2.0.0
579 verbose afterAdd /Users/chishengliang/.npm/yallist/2.0.0/package/package.json not in flight; writing
580 verbose afterAdd /Users/chishengliang/.npm/yallist/2.0.0/package/package.json written
581 silly fetchNamedPackageData isexe
582 silly mapToRegistry name isexe
583 silly mapToRegistry using default registry
584 silly mapToRegistry registry https://registry.npmjs.org/
585 silly mapToRegistry uri https://registry.npmjs.org/isexe
586 verbose request uri https://registry.npmjs.org/isexe
587 verbose request no auth needed
588 info attempt registry request try #1 at 9:29:36 PM
589 verbose etag "A2WFQOVCYSXLEGQ5B5D2A8KGT"
590 http request GET https://registry.npmjs.org/isexe
591 http 304 https://registry.npmjs.org/isexe
592 verbose headers { date: 'Thu, 06 Oct 2016 13:29:37 GMT',
592 verbose headers   via: '1.1 varnish',
592 verbose headers   'cache-control': 'max-age=300',
592 verbose headers   etag: '"A2WFQOVCYSXLEGQ5B5D2A8KGT"',
592 verbose headers   age: '289',
592 verbose headers   connection: 'keep-alive',
592 verbose headers   'x-served-by': 'cache-hkg6821-HKG',
592 verbose headers   'x-cache': 'HIT',
592 verbose headers   'x-cache-hits': '2',
592 verbose headers   'x-timer': 'S1475760577.039024,VS0,VE0',
592 verbose headers   vary: 'Accept-Encoding' }
593 silly get cb [ 304,
593 silly get   { date: 'Thu, 06 Oct 2016 13:29:37 GMT',
593 silly get     via: '1.1 varnish',
593 silly get     'cache-control': 'max-age=300',
593 silly get     etag: '"A2WFQOVCYSXLEGQ5B5D2A8KGT"',
593 silly get     age: '289',
593 silly get     connection: 'keep-alive',
593 silly get     'x-served-by': 'cache-hkg6821-HKG',
593 silly get     'x-cache': 'HIT',
593 silly get     'x-cache-hits': '2',
593 silly get     'x-timer': 'S1475760577.039024,VS0,VE0',
593 silly get     vary: 'Accept-Encoding' } ]
594 verbose etag https://registry.npmjs.org/isexe from cache
595 verbose get saving isexe to /Users/chishengliang/.npm/registry.npmjs.org/isexe/.cache.json
596 silly resolveWithNewModule isexe@1.1.2 checking installable status
597 silly cache add args [ 'isexe@^1.1.1', null ]
598 verbose cache add spec isexe@^1.1.1
599 silly cache add parsed spec Result {
599 silly cache add   raw: 'isexe@^1.1.1',
599 silly cache add   scope: null,
599 silly cache add   name: 'isexe',
599 silly cache add   rawSpec: '^1.1.1',
599 silly cache add   spec: '>=1.1.1 <2.0.0',
599 silly cache add   type: 'range' }
600 silly addNamed isexe@>=1.1.1 <2.0.0
601 verbose addNamed ">=1.1.1 <2.0.0" is a valid semver range for isexe
602 silly addNameRange { name: 'isexe', range: '>=1.1.1 <2.0.0', hasData: false }
603 silly mapToRegistry name isexe
604 silly mapToRegistry using default registry
605 silly mapToRegistry registry https://registry.npmjs.org/
606 silly mapToRegistry uri https://registry.npmjs.org/isexe
607 verbose addNameRange registry:https://registry.npmjs.org/isexe not in flight; fetching
608 verbose get https://registry.npmjs.org/isexe not expired, no request
609 silly addNameRange number 2 { name: 'isexe', range: '>=1.1.1 <2.0.0', hasData: true }
610 silly addNameRange versions [ 'isexe', [ '1.0.0', '1.0.1', '1.1.0', '1.1.1', '1.1.2' ] ]
611 silly addNamed isexe@1.1.2
612 verbose addNamed "1.1.2" is a plain semver version for isexe
613 silly cache afterAdd isexe@1.1.2
614 verbose afterAdd /Users/chishengliang/.npm/isexe/1.1.2/package/package.json not in flight; writing
615 verbose afterAdd /Users/chishengliang/.npm/isexe/1.1.2/package/package.json written
616 silly fetchNamedPackageData pinkie-promise
617 silly mapToRegistry name pinkie-promise
618 silly mapToRegistry using default registry
619 silly mapToRegistry registry https://registry.npmjs.org/
620 silly mapToRegistry uri https://registry.npmjs.org/pinkie-promise
621 verbose request uri https://registry.npmjs.org/pinkie-promise
622 verbose request no auth needed
623 info attempt registry request try #1 at 9:29:38 PM
624 verbose etag "E5IKRBRZKN1UZC7SCOGQFYEPK"
625 http request GET https://registry.npmjs.org/pinkie-promise
626 http 304 https://registry.npmjs.org/pinkie-promise
627 verbose headers { date: 'Thu, 06 Oct 2016 13:29:38 GMT',
627 verbose headers   via: '1.1 varnish',
627 verbose headers   'cache-control': 'max-age=300',
627 verbose headers   etag: '"E5IKRBRZKN1UZC7SCOGQFYEPK"',
627 verbose headers   age: '152',
627 verbose headers   connection: 'keep-alive',
627 verbose headers   'x-served-by': 'cache-hkg6824-HKG',
627 verbose headers   'x-cache': 'HIT',
627 verbose headers   'x-cache-hits': '5',
627 verbose headers   'x-timer': 'S1475760578.416813,VS0,VE0',
627 verbose headers   vary: 'Accept-Encoding' }
628 silly get cb [ 304,
628 silly get   { date: 'Thu, 06 Oct 2016 13:29:38 GMT',
628 silly get     via: '1.1 varnish',
628 silly get     'cache-control': 'max-age=300',
628 silly get     etag: '"E5IKRBRZKN1UZC7SCOGQFYEPK"',
628 silly get     age: '152',
628 silly get     connection: 'keep-alive',
628 silly get     'x-served-by': 'cache-hkg6824-HKG',
628 silly get     'x-cache': 'HIT',
628 silly get     'x-cache-hits': '5',
628 silly get     'x-timer': 'S1475760578.416813,VS0,VE0',
628 silly get     vary: 'Accept-Encoding' } ]
629 verbose etag https://registry.npmjs.org/pinkie-promise from cache
630 verbose get saving pinkie-promise to /Users/chishengliang/.npm/registry.npmjs.org/pinkie-promise/.cache.json
631 silly resolveWithNewModule pinkie-promise@2.0.1 checking installable status
632 silly cache add args [ 'pinkie-promise@^2.0.0', null ]
633 verbose cache add spec pinkie-promise@^2.0.0
634 silly cache add parsed spec Result {
634 silly cache add   raw: 'pinkie-promise@^2.0.0',
634 silly cache add   scope: null,
634 silly cache add   name: 'pinkie-promise',
634 silly cache add   rawSpec: '^2.0.0',
634 silly cache add   spec: '>=2.0.0 <3.0.0',
634 silly cache add   type: 'range' }
635 silly addNamed pinkie-promise@>=2.0.0 <3.0.0
636 verbose addNamed ">=2.0.0 <3.0.0" is a valid semver range for pinkie-promise
637 silly addNameRange { name: 'pinkie-promise',
637 silly addNameRange   range: '>=2.0.0 <3.0.0',
637 silly addNameRange   hasData: false }
638 silly mapToRegistry name pinkie-promise
639 silly mapToRegistry using default registry
640 silly mapToRegistry registry https://registry.npmjs.org/
641 silly mapToRegistry uri https://registry.npmjs.org/pinkie-promise
642 verbose addNameRange registry:https://registry.npmjs.org/pinkie-promise not in flight; fetching
643 verbose get https://registry.npmjs.org/pinkie-promise not expired, no request
644 silly addNameRange number 2 { name: 'pinkie-promise',
644 silly addNameRange   range: '>=2.0.0 <3.0.0',
644 silly addNameRange   hasData: true }
645 silly addNameRange versions [ 'pinkie-promise', [ '1.0.0', '2.0.0', '2.0.1' ] ]
646 silly addNamed pinkie-promise@2.0.1
647 verbose addNamed "2.0.1" is a plain semver version for pinkie-promise
648 silly cache afterAdd pinkie-promise@2.0.1
649 verbose afterAdd /Users/chishengliang/.npm/pinkie-promise/2.0.1/package/package.json not in flight; writing
650 verbose afterAdd /Users/chishengliang/.npm/pinkie-promise/2.0.1/package/package.json written
651 silly fetchNamedPackageData pinkie
652 silly mapToRegistry name pinkie
653 silly mapToRegistry using default registry
654 silly mapToRegistry registry https://registry.npmjs.org/
655 silly mapToRegistry uri https://registry.npmjs.org/pinkie
656 verbose request uri https://registry.npmjs.org/pinkie
657 verbose request no auth needed
658 info attempt registry request try #1 at 9:29:39 PM
659 verbose etag "2EAH4SQLIV7XAKF3Y2EREXIMG"
660 http request GET https://registry.npmjs.org/pinkie
661 http 304 https://registry.npmjs.org/pinkie
662 verbose headers { date: 'Thu, 06 Oct 2016 13:29:39 GMT',
662 verbose headers   via: '1.1 varnish',
662 verbose headers   'cache-control': 'max-age=300',
662 verbose headers   etag: '"2EAH4SQLIV7XAKF3Y2EREXIMG"',
662 verbose headers   age: '257',
662 verbose headers   connection: 'keep-alive',
662 verbose headers   'x-served-by': 'cache-hkg6824-HKG',
662 verbose headers   'x-cache': 'HIT',
662 verbose headers   'x-cache-hits': '4',
662 verbose headers   'x-timer': 'S1475760579.109616,VS0,VE0',
662 verbose headers   vary: 'Accept-Encoding' }
663 silly get cb [ 304,
663 silly get   { date: 'Thu, 06 Oct 2016 13:29:39 GMT',
663 silly get     via: '1.1 varnish',
663 silly get     'cache-control': 'max-age=300',
663 silly get     etag: '"2EAH4SQLIV7XAKF3Y2EREXIMG"',
663 silly get     age: '257',
663 silly get     connection: 'keep-alive',
663 silly get     'x-served-by': 'cache-hkg6824-HKG',
663 silly get     'x-cache': 'HIT',
663 silly get     'x-cache-hits': '4',
663 silly get     'x-timer': 'S1475760579.109616,VS0,VE0',
663 silly get     vary: 'Accept-Encoding' } ]
664 verbose etag https://registry.npmjs.org/pinkie from cache
665 verbose get saving pinkie to /Users/chishengliang/.npm/registry.npmjs.org/pinkie/.cache.json
666 silly resolveWithNewModule pinkie@2.0.4 checking installable status
667 silly cache add args [ 'pinkie@^2.0.0', null ]
668 verbose cache add spec pinkie@^2.0.0
669 silly cache add parsed spec Result {
669 silly cache add   raw: 'pinkie@^2.0.0',
669 silly cache add   scope: null,
669 silly cache add   name: 'pinkie',
669 silly cache add   rawSpec: '^2.0.0',
669 silly cache add   spec: '>=2.0.0 <3.0.0',
669 silly cache add   type: 'range' }
670 silly addNamed pinkie@>=2.0.0 <3.0.0
671 verbose addNamed ">=2.0.0 <3.0.0" is a valid semver range for pinkie
672 silly addNameRange { name: 'pinkie', range: '>=2.0.0 <3.0.0', hasData: false }
673 silly mapToRegistry name pinkie
674 silly mapToRegistry using default registry
675 silly mapToRegistry registry https://registry.npmjs.org/
676 silly mapToRegistry uri https://registry.npmjs.org/pinkie
677 verbose addNameRange registry:https://registry.npmjs.org/pinkie not in flight; fetching
678 verbose get https://registry.npmjs.org/pinkie not expired, no request
679 silly addNameRange number 2 { name: 'pinkie', range: '>=2.0.0 <3.0.0', hasData: true }
680 silly addNameRange versions [ 'pinkie',
680 silly addNameRange   [ '0.0.0',
680 silly addNameRange     '0.0.1',
680 silly addNameRange     '0.0.2',
680 silly addNameRange     '1.0.0',
680 silly addNameRange     '2.0.0',
680 silly addNameRange     '2.0.1',
680 silly addNameRange     '2.0.2',
680 silly addNameRange     '2.0.3',
680 silly addNameRange     '2.0.4' ] ]
681 silly addNamed pinkie@2.0.4
682 verbose addNamed "2.0.4" is a plain semver version for pinkie
683 silly cache afterAdd pinkie@2.0.4
684 verbose afterAdd /Users/chishengliang/.npm/pinkie/2.0.4/package/package.json not in flight; writing
685 verbose afterAdd /Users/chishengliang/.npm/pinkie/2.0.4/package/package.json written
686 silly loadAllDepsIntoIdealTree Finishing
687 silly idealTree:prePrune lib
687 silly idealTree:prePrune  create-react-app@0.5.0
687 silly idealTree:prePrune    ansi-regex@2.0.0
687 silly idealTree:prePrune    ansi-styles@2.2.1
687 silly idealTree:prePrune    chalk@1.1.3
687 silly idealTree:prePrune    cross-spawn@4.0.2
687 silly idealTree:prePrune    escape-string-regexp@1.0.5
687 silly idealTree:prePrune    has-ansi@2.0.0
687 silly idealTree:prePrune    isexe@1.1.2
687 silly idealTree:prePrune    lru-cache@4.0.1
687 silly idealTree:prePrune    minimist@1.2.0
687 silly idealTree:prePrune    path-exists@2.1.0
687 silly idealTree:prePrune    pinkie-promise@2.0.1
687 silly idealTree:prePrune    pinkie@2.0.4
687 silly idealTree:prePrune    pseudomap@1.0.2
687 silly idealTree:prePrune    semver@5.3.0
687 silly idealTree:prePrune    strip-ansi@3.0.1
687 silly idealTree:prePrune    supports-color@2.0.0
687 silly idealTree:prePrune    which@1.2.11
687 silly idealTree:prePrune    yallist@2.0.0
688 silly loadIdealTree Finishing
689 silly currentTree lib
689 silly currentTree  create-react-app@0.5.0
689 silly currentTree    ansi-regex@2.0.0
689 silly currentTree    ansi-styles@2.2.1
689 silly currentTree    chalk@1.1.3
689 silly currentTree    cross-spawn@4.0.2
689 silly currentTree    escape-string-regexp@1.0.5
689 silly currentTree    has-ansi@2.0.0
689 silly currentTree    isexe@1.1.2
689 silly currentTree    lru-cache@4.0.1
689 silly currentTree    minimist@1.2.0
689 silly currentTree    path-exists@2.1.0
689 silly currentTree    pinkie-promise@2.0.1
689 silly currentTree    pinkie@2.0.4
689 silly currentTree    pseudomap@1.0.2
689 silly currentTree    semver@5.3.0
689 silly currentTree    strip-ansi@3.0.1
689 silly currentTree    supports-color@2.0.0
689 silly currentTree    which@1.2.11
689 silly currentTree    yallist@2.0.0
690 silly idealTree lib
690 silly idealTree  create-react-app@0.5.0
690 silly idealTree    ansi-regex@2.0.0
690 silly idealTree    ansi-styles@2.2.1
690 silly idealTree    chalk@1.1.3
690 silly idealTree    cross-spawn@4.0.2
690 silly idealTree    escape-string-regexp@1.0.5
690 silly idealTree    has-ansi@2.0.0
690 silly idealTree    isexe@1.1.2
690 silly idealTree    lru-cache@4.0.1
690 silly idealTree    minimist@1.2.0
690 silly idealTree    path-exists@2.1.0
690 silly idealTree    pinkie-promise@2.0.1
690 silly idealTree    pinkie@2.0.4
690 silly idealTree    pseudomap@1.0.2
690 silly idealTree    semver@5.3.0
690 silly idealTree    strip-ansi@3.0.1
690 silly idealTree    supports-color@2.0.0
690 silly idealTree    which@1.2.11
690 silly idealTree    yallist@2.0.0
691 silly generateActionsToTake Starting
692 silly install generateActionsToTake
693 warn checkPermissions Missing write access to /usr/local/lib/node_modules/create-react-app
694 warn checkPermissions Missing write access to /usr/local/lib/node_modules
695 silly rollbackFailedOptional Starting
696 silly rollbackFailedOptional Finishing
697 silly runTopLevelLifecycles Starting
698 silly runTopLevelLifecycles Finishing
699 silly install printInstalled
700 verbose stack Error: EACCES: permission denied, access '/usr/local/lib/node_modules/create-react-app'
700 verbose stack     at Error (native)
701 verbose cwd /Users/chishengliang/Documents/star_war_project
702 error Darwin 14.5.0
703 error argv "/usr/local/bin/node" "/usr/local/bin/npm" "install" "-g" "create-react-app"
704 error node v5.1.0
705 error npm  v3.3.12
706 error path /usr/local/lib/node_modules/create-react-app
707 error code EACCES
708 error errno -13
709 error syscall access
710 error Error: EACCES: permission denied, access '/usr/local/lib/node_modules/create-react-app'
710 error     at Error (native)
710 error  { [Error: EACCES: permission denied, access '/usr/local/lib/node_modules/create-react-app']
710 error   errno: -13,
710 error   code: 'EACCES',
710 error   syscall: 'access',
710 error   path: '/usr/local/lib/node_modules/create-react-app' }
711 error Please try running this command again as root/Administrator.
712 verbose exit [ -13, true ]
